<?xml version="1.0" encoding="UTF-8"?>
<!-- Generated by org.testng.reporters.JUnitXMLReporter -->
<testsuite hostname="WGC1003WDQX52" ignored="0" name="Add Customer Test" tests="1" failures="1" timestamp="06 Sep 2018 11:55:52 GMT" time="9.127" errors="0">
  <testcase name="addCustomer" time="9.086" classname="com.testcases.AddCustomerTest">
    <failure type="java.lang.AssertionError" message="customer not add successfully">
      <![CDATA[java.lang.AssertionError: customer not add successfully
	at com.testcases.AddCustomerTest.addCustomer(AddCustomerTest.java:26)
... Removed 26 stack frames]]>
    </failure>
  </testcase> <!-- addCustomer -->
</testsuite> <!-- Add Customer Test -->
